{"level":"info","message":"Starting assets export","timestamp":"2021-07-20T04:32:49.881Z"}
{"level":"info","message":"Downloaded cloud-computing.svg: blt48fefee00fddd597 successfully!","timestamp":"2021-07-20T04:32:50.706Z"}
{"level":"info","message":"Downloaded artificial-intelligence.svg: bltc9149de7b25c141e successfully!","timestamp":"2021-07-20T04:32:50.717Z"}
{"level":"info","message":"Downloaded our-story.svg: blt5cb83ba8b9045778 successfully!","timestamp":"2021-07-20T04:32:50.736Z"}
{"level":"info","message":"Downloaded pierre-cox.svg: blt03de635d44b3fc97 successfully!","timestamp":"2021-07-20T04:32:50.740Z"}
{"level":"info","message":"Downloaded cierra-vega.svg: blt676292f5ec1d5644 successfully!","timestamp":"2021-07-20T04:32:50.758Z"}
{"level":"info","message":"Downloaded Virginia_Woolf_Headshot.jpg: blte0e17a2642dd0516 successfully!","timestamp":"2021-07-20T04:32:51.092Z"}
{"level":"info","message":"Downloaded Jane_Austen_Headshot.jpg: bltceb370b344067374 successfully!","timestamp":"2021-07-20T04:32:51.100Z"}
{"level":"info","message":"Downloaded business-with-al.svg: bltfb840eb8599064de successfully!","timestamp":"2021-07-20T04:32:51.115Z"}
{"level":"info","message":"Downloaded modern-cloud-ecosystem.svg: bltf008dc40659b60db successfully!","timestamp":"2021-07-20T04:32:51.236Z"}
{"level":"info","message":"Downloaded W._E._B._Du_Bois_Headshot.jpg: blt95bb7950f0f6bd60 successfully!","timestamp":"2021-07-20T04:32:51.561Z"}
{"level":"info","message":"Downloaded company-logo.svg: blt16df1e5497feffc9 successfully!","timestamp":"2021-07-20T04:32:51.571Z"}
{"level":"info","message":"Downloaded Maya_Angelou_Headshot.jpg: blt4611a8ba0d2a6a6f successfully!","timestamp":"2021-07-20T04:32:51.638Z"}
{"level":"info","message":"Downloaded Mark_Twain_Headshot.jpg: blta1b5e41c1a03e294 successfully!","timestamp":"2021-07-20T04:32:51.669Z"}
{"level":"info","message":"Downloaded Charlotte_Bronte_Headshot.png: blt12ebfa90a60d1440 successfully!","timestamp":"2021-07-20T04:32:51.687Z"}
{"level":"info","message":"Downloaded Zora_Neale_Hurston_Headshot.jpg: blt8c2c7c8e59371f9d successfully!","timestamp":"2021-07-20T04:32:51.894Z"}
{"level":"info","message":"Downloaded about-us.svg: blt3d2e810e9c804649 successfully!","timestamp":"2021-07-20T04:32:51.898Z"}
{"level":"info","message":"Downloaded Charles_Dickens_Headshot.jpg: bltafa24387c2a6a2a6 successfully!","timestamp":"2021-07-20T04:32:51.915Z"}
{"level":"info","message":"Downloaded alden-cantrell.svg: blt3d6348d2a0a8200b successfully!","timestamp":"2021-07-20T04:32:51.933Z"}
{"level":"info","message":"Downloaded thomas-crane.svg: blt4c7a6038231c03a8 successfully!","timestamp":"2021-07-20T04:32:52.004Z"}
{"level":"info","message":"Downloaded winning-digital-strategy.svg: blt9aa54503490b7244 successfully!","timestamp":"2021-07-20T04:32:52.772Z"}
{"level":"info","message":"Batch no 1 of assets is complete","timestamp":"2021-07-20T04:32:52.773Z"}
{"level":"info","message":"Downloaded bucket3.svg: blt13f421f3e2146d7b successfully!","timestamp":"2021-07-20T04:32:53.494Z"}
{"level":"info","message":"Downloaded cslogo.png: blt3d8fc13b6870e8c6 successfully!","timestamp":"2021-07-20T04:32:53.552Z"}
{"level":"info","message":"Downloaded headless-cms-solution.svg: blt7e0715d9c8990a84 successfully!","timestamp":"2021-07-20T04:32:53.556Z"}
{"level":"info","message":"Downloaded ben.jpeg: blt4b0b1feac352cf99 successfully!","timestamp":"2021-07-20T04:32:53.583Z"}
{"level":"info","message":"Downloaded bucket1.svg: blt1cfd7451c1e6c012 successfully!","timestamp":"2021-07-20T04:32:53.606Z"}
{"level":"info","message":"Downloaded help-for-the-next-step.svg: bltb3dc2c652124a492 successfully!","timestamp":"2021-07-20T04:32:53.893Z"}
{"level":"info","message":"Downloaded security.svg: bltcb87d09db5945b32 successfully!","timestamp":"2021-07-20T04:32:53.913Z"}
{"level":"info","message":"Downloaded data-mining.svg: blt24c59eaec962a2b6 successfully!","timestamp":"2021-07-20T04:32:53.916Z"}
{"level":"info","message":"Downloaded Instagram.svg: blt58d889f6b78ac6be successfully!","timestamp":"2021-07-20T04:32:53.952Z"}
{"level":"info","message":"Downloaded map-of-brimingham-city.svg: blt66cefc4456c114fa successfully!","timestamp":"2021-07-20T04:32:54.392Z"}
{"level":"info","message":"Downloaded Twitter.svg: blt066b62a776ea9388 successfully!","timestamp":"2021-07-20T04:32:54.739Z"}
{"level":"info","message":"Downloaded bucket2.svg: blt5f1621a416041439 successfully!","timestamp":"2021-07-20T04:32:54.742Z"}
{"level":"info","message":"Downloaded Icon_Artwork_1.svg: bltc259082be594a375 successfully!","timestamp":"2021-07-20T04:32:54.803Z"}
{"level":"info","message":"Downloaded Icon_Artwork_2.svg: blta3a8ab42549b6a68 successfully!","timestamp":"2021-07-20T04:32:54.823Z"}
{"level":"info","message":"Downloaded traditional-decoupled-_headless-cms.svg: bltfff6e6cf96153ec1 successfully!","timestamp":"2021-07-20T04:32:54.899Z"}
{"level":"info","message":"Downloaded AlbertEinstein.jpeg: blta8048dde6e2de6fe successfully!","timestamp":"2021-07-20T04:32:55.073Z"}
{"level":"info","message":"Downloaded facebook.svg: blt0d8505685ff38c60 successfully!","timestamp":"2021-07-20T04:32:55.100Z"}
{"level":"info","message":"Batch no 21 of assets is complete","timestamp":"2021-07-20T04:32:55.100Z"}
{"level":"info","message":"Asset-folders have been successfully exported!","timestamp":"2021-07-20T04:32:55.488Z"}
{"level":"info","message":"\u001b[32mAsset export completed successfully\u001b[39m","timestamp":"2021-07-20T04:32:55.488Z"}
{"level":"info","message":"Starting locale export","timestamp":"2021-07-20T04:32:55.490Z"}
{"level":"info","message":"French - France locale was exported successfully","timestamp":"2021-07-20T04:32:55.678Z"}
{"level":"info","message":"Starting environment export","timestamp":"2021-07-20T04:32:55.683Z"}
{"level":"info","message":"\u001b[32mAll the locales have been exported successfully\u001b[39m","timestamp":"2021-07-20T04:32:55.678Z"}
{"level":"info","message":"\u001b[32mAll the environments have been exported successfully\u001b[39m","timestamp":"2021-07-20T04:32:55.916Z"}
{"level":"info","message":"Starting extension export","timestamp":"2021-07-20T04:32:55.918Z"}
{"level":"info","message":"\u001b[32mAll the extensions have been exported successfully\u001b[39m","timestamp":"2021-07-20T04:32:56.147Z"}
{"level":"info","message":"Starting webhooks export","timestamp":"2021-07-20T04:32:56.155Z"}
{"level":"info","message":"No webhooks found","timestamp":"2021-07-20T04:32:56.422Z"}
{"level":"info","message":"Starting Global Fields export","timestamp":"2021-07-20T04:32:56.423Z"}
{"level":"info","message":"\u001b[32mGlobal Fields export completed successfully\u001b[39m","timestamp":"2021-07-20T04:32:56.650Z"}
{"level":"info","message":"Starting content type export","timestamp":"2021-07-20T04:32:56.658Z"}
{"level":"info","message":"\u001b[32mContent type(s) exported successfully\u001b[39m","timestamp":"2021-07-20T04:32:57.037Z"}
{"level":"info","message":"Starting workflow export","timestamp":"2021-07-20T04:32:57.039Z"}
{"level":"info","message":"No workflow were found in the Stack","timestamp":"2021-07-20T04:32:57.263Z"}
{"level":"info","message":"Starting entry migration","timestamp":"2021-07-20T04:32:57.268Z"}
{"level":"info","message":"Exported entries of author to the fr-fr language successfully","timestamp":"2021-07-20T04:32:57.860Z"}
{"level":"info","message":"Exported entries of header to the en-us language successfully","timestamp":"2021-07-20T04:32:58.289Z"}
{"level":"info","message":"Exported entries of header to the fr-fr language successfully","timestamp":"2021-07-20T04:32:58.830Z"}
{"level":"info","message":"Exported entries of footer to the en-us language successfully","timestamp":"2021-07-20T04:32:59.372Z"}
{"level":"info","message":"Exported entries of footer to the fr-fr language successfully","timestamp":"2021-07-20T04:32:59.829Z"}
{"level":"info","message":"Exported entries of page to the en-us language successfully","timestamp":"2021-07-20T04:33:00.523Z"}
{"level":"info","message":"Exported entries of page to the fr-fr language successfully","timestamp":"2021-07-20T04:33:01.048Z"}
{"level":"info","message":"Exported entries of blog_post to the en-us language successfully","timestamp":"2021-07-20T04:33:01.632Z"}
{"level":"info","message":"Exported entries of blog_post to the fr-fr language successfully","timestamp":"2021-07-20T04:33:02.244Z"}
{"level":"info","message":"Exported entries of author to the en-us language successfully","timestamp":"2021-07-20T04:33:02.707Z"}
{"level":"info","message":"Entry migration completed successfully","timestamp":"2021-07-20T04:33:02.708Z"}
{"level":"info","message":"Starting labels export","timestamp":"2021-07-20T04:33:02.711Z"}
{"level":"info","message":"Blog labels was exported successfully","timestamp":"2021-07-20T04:33:03.046Z"}
{"level":"info","message":"Pages labels was exported successfully","timestamp":"2021-07-20T04:33:03.046Z"}
{"level":"info","message":"The log for this is stored at solomon/logs/export","timestamp":"2021-07-20T04:33:03.048Z"}
{"level":"info","message":"\u001b[32mAll the labels have been exported successfully\u001b[39m","timestamp":"2021-07-20T04:33:03.047Z"}
{"level":"info","message":"\u001b[32mThe content of the blt2be4b9eac1b7b008 has been exported succesfully!\u001b[39m","timestamp":"2021-07-20T04:33:03.047Z"}
{"level":"info","message":"Components labels was exported successfully","timestamp":"2021-07-20T04:33:03.046Z"}
